0 info it worked if it ends with ok
1 verbose cli [ 'node', '/usr/local/bin/npm', 'i' ]
2 info using npm@1.4.28
3 info using node@v0.10.33
4 warn package.json RAW-booking@1.0.0 No description
5 warn package.json RAW-booking@1.0.0 No repository field.
6 warn package.json RAW-booking@1.0.0 No README data
7 verbose readDependencies using package.json deps
8 verbose install where, deps [ '/Users/jackylee/Documents/Projects/RAW-booking',
8 verbose install   [ 'grunt',
8 verbose install     'grunt-cli',
8 verbose install     'grunt-protractor-runner',
8 verbose install     'protractor',
8 verbose install     'protractor-batch-runner',
8 verbose install     'protractor-reporter',
8 verbose install     'protractor-utils' ] ]
9 info preinstall RAW-booking@1.0.0
10 verbose readDependencies using package.json deps
11 verbose cache add [ 'grunt@~0.4.0', null ]
12 verbose cache add name=undefined spec="grunt@~0.4.0" args=["grunt@~0.4.0",null]
13 verbose parsed url { protocol: null,
13 verbose parsed url   slashes: null,
13 verbose parsed url   auth: null,
13 verbose parsed url   host: null,
13 verbose parsed url   port: null,
13 verbose parsed url   hostname: null,
13 verbose parsed url   hash: null,
13 verbose parsed url   search: null,
13 verbose parsed url   query: null,
13 verbose parsed url   pathname: 'grunt@~0.4.0',
13 verbose parsed url   path: 'grunt@~0.4.0',
13 verbose parsed url   href: 'grunt@~0.4.0' }
14 verbose cache add [ 'grunt-cli@~0.1', null ]
15 verbose cache add name=undefined spec="grunt-cli@~0.1" args=["grunt-cli@~0.1",null]
16 verbose parsed url { protocol: null,
16 verbose parsed url   slashes: null,
16 verbose parsed url   auth: null,
16 verbose parsed url   host: null,
16 verbose parsed url   port: null,
16 verbose parsed url   hostname: null,
16 verbose parsed url   hash: null,
16 verbose parsed url   search: null,
16 verbose parsed url   query: null,
16 verbose parsed url   pathname: 'grunt-cli@~0.1',
16 verbose parsed url   path: 'grunt-cli@~0.1',
16 verbose parsed url   href: 'grunt-cli@~0.1' }
17 verbose cache add [ 'grunt-protractor-runner@~1.2.1', null ]
18 verbose cache add name=undefined spec="grunt-protractor-runner@~1.2.1" args=["grunt-protractor-runner@~1.2.1",null]
19 verbose parsed url { protocol: null,
19 verbose parsed url   slashes: null,
19 verbose parsed url   auth: null,
19 verbose parsed url   host: null,
19 verbose parsed url   port: null,
19 verbose parsed url   hostname: null,
19 verbose parsed url   hash: null,
19 verbose parsed url   search: null,
19 verbose parsed url   query: null,
19 verbose parsed url   pathname: 'grunt-protractor-runner@~1.2.1',
19 verbose parsed url   path: 'grunt-protractor-runner@~1.2.1',
19 verbose parsed url   href: 'grunt-protractor-runner@~1.2.1' }
20 verbose cache add [ 'protractor@~1.7.0', null ]
21 verbose cache add name=undefined spec="protractor@~1.7.0" args=["protractor@~1.7.0",null]
22 verbose parsed url { protocol: null,
22 verbose parsed url   slashes: null,
22 verbose parsed url   auth: null,
22 verbose parsed url   host: null,
22 verbose parsed url   port: null,
22 verbose parsed url   hostname: null,
22 verbose parsed url   hash: null,
22 verbose parsed url   search: null,
22 verbose parsed url   query: null,
22 verbose parsed url   pathname: 'protractor@~1.7.0',
22 verbose parsed url   path: 'protractor@~1.7.0',
22 verbose parsed url   href: 'protractor@~1.7.0' }
23 verbose cache add [ 'protractor-batch-runner@0.0.x', null ]
24 verbose cache add name=undefined spec="protractor-batch-runner@0.0.x" args=["protractor-batch-runner@0.0.x",null]
25 verbose parsed url { protocol: null,
25 verbose parsed url   slashes: null,
25 verbose parsed url   auth: null,
25 verbose parsed url   host: null,
25 verbose parsed url   port: null,
25 verbose parsed url   hostname: null,
25 verbose parsed url   hash: null,
25 verbose parsed url   search: null,
25 verbose parsed url   query: null,
25 verbose parsed url   pathname: 'protractor-batch-runner@0.0.x',
25 verbose parsed url   path: 'protractor-batch-runner@0.0.x',
25 verbose parsed url   href: 'protractor-batch-runner@0.0.x' }
26 verbose cache add name="grunt" spec="~0.4.0" args=["grunt","~0.4.0"]
27 verbose parsed url { protocol: null,
27 verbose parsed url   slashes: null,
27 verbose parsed url   auth: null,
27 verbose parsed url   host: null,
27 verbose parsed url   port: null,
27 verbose parsed url   hostname: null,
27 verbose parsed url   hash: null,
27 verbose parsed url   search: null,
27 verbose parsed url   query: null,
27 verbose parsed url   pathname: '~0.4.0',
27 verbose parsed url   path: '~0.4.0',
27 verbose parsed url   href: '~0.4.0' }
28 verbose addNamed [ 'grunt', '~0.4.0' ]
29 verbose addNamed [ null, '>=0.4.0-0 <0.5.0-0' ]
30 verbose cache add name="grunt-cli" spec="~0.1" args=["grunt-cli","~0.1"]
31 verbose parsed url { protocol: null,
31 verbose parsed url   slashes: null,
31 verbose parsed url   auth: null,
31 verbose parsed url   host: null,
31 verbose parsed url   port: null,
31 verbose parsed url   hostname: null,
31 verbose parsed url   hash: null,
31 verbose parsed url   search: null,
31 verbose parsed url   query: null,
31 verbose parsed url   pathname: '~0.1',
31 verbose parsed url   path: '~0.1',
31 verbose parsed url   href: '~0.1' }
32 verbose addNamed [ 'grunt-cli', '~0.1' ]
33 verbose addNamed [ null, '>=0.1.0-0 <0.2.0-0' ]
34 verbose cache add name="grunt-protractor-runner" spec="~1.2.1" args=["grunt-protractor-runner","~1.2.1"]
35 verbose parsed url { protocol: null,
35 verbose parsed url   slashes: null,
35 verbose parsed url   auth: null,
35 verbose parsed url   host: null,
35 verbose parsed url   port: null,
35 verbose parsed url   hostname: null,
35 verbose parsed url   hash: null,
35 verbose parsed url   search: null,
35 verbose parsed url   query: null,
35 verbose parsed url   pathname: '~1.2.1',
35 verbose parsed url   path: '~1.2.1',
35 verbose parsed url   href: '~1.2.1' }
36 verbose addNamed [ 'grunt-protractor-runner', '~1.2.1' ]
37 verbose addNamed [ null, '>=1.2.1-0 <1.3.0-0' ]
38 verbose cache add name="protractor" spec="~1.7.0" args=["protractor","~1.7.0"]
39 verbose parsed url { protocol: null,
39 verbose parsed url   slashes: null,
39 verbose parsed url   auth: null,
39 verbose parsed url   host: null,
39 verbose parsed url   port: null,
39 verbose parsed url   hostname: null,
39 verbose parsed url   hash: null,
39 verbose parsed url   search: null,
39 verbose parsed url   query: null,
39 verbose parsed url   pathname: '~1.7.0',
39 verbose parsed url   path: '~1.7.0',
39 verbose parsed url   href: '~1.7.0' }
40 verbose addNamed [ 'protractor', '~1.7.0' ]
41 verbose addNamed [ null, '>=1.7.0-0 <1.8.0-0' ]
42 verbose cache add [ 'protractor-reporter@~0.1.5', null ]
43 verbose cache add name=undefined spec="protractor-reporter@~0.1.5" args=["protractor-reporter@~0.1.5",null]
44 verbose parsed url { protocol: null,
44 verbose parsed url   slashes: null,
44 verbose parsed url   auth: null,
44 verbose parsed url   host: null,
44 verbose parsed url   port: null,
44 verbose parsed url   hostname: null,
44 verbose parsed url   hash: null,
44 verbose parsed url   search: null,
44 verbose parsed url   query: null,
44 verbose parsed url   pathname: 'protractor-reporter@~0.1.5',
44 verbose parsed url   path: 'protractor-reporter@~0.1.5',
44 verbose parsed url   href: 'protractor-reporter@~0.1.5' }
45 verbose cache add [ 'protractor-utils@~0.3.11', null ]
46 verbose cache add name=undefined spec="protractor-utils@~0.3.11" args=["protractor-utils@~0.3.11",null]
47 verbose parsed url { protocol: null,
47 verbose parsed url   slashes: null,
47 verbose parsed url   auth: null,
47 verbose parsed url   host: null,
47 verbose parsed url   port: null,
47 verbose parsed url   hostname: null,
47 verbose parsed url   hash: null,
47 verbose parsed url   search: null,
47 verbose parsed url   query: null,
47 verbose parsed url   pathname: 'protractor-utils@~0.3.11',
47 verbose parsed url   path: 'protractor-utils@~0.3.11',
47 verbose parsed url   href: 'protractor-utils@~0.3.11' }
48 verbose cache add name="protractor-batch-runner" spec="0.0.x" args=["protractor-batch-runner","0.0.x"]
49 verbose parsed url { protocol: null,
49 verbose parsed url   slashes: null,
49 verbose parsed url   auth: null,
49 verbose parsed url   host: null,
49 verbose parsed url   port: null,
49 verbose parsed url   hostname: null,
49 verbose parsed url   hash: null,
49 verbose parsed url   search: null,
49 verbose parsed url   query: null,
49 verbose parsed url   pathname: '0.0.x',
49 verbose parsed url   path: '0.0.x',
49 verbose parsed url   href: '0.0.x' }
50 verbose addNamed [ 'protractor-batch-runner', '0.0.x' ]
51 verbose addNamed [ null, '>=0.0.0-0 <0.1.0-0' ]
52 silly lockFile cba964e3-grunt-0-4-0 grunt@~0.4.0
53 verbose lock grunt@~0.4.0 /Users/jackylee/.npm/cba964e3-grunt-0-4-0.lock
54 silly lockFile c01faaa1-grunt-cli-0-1 grunt-cli@~0.1
55 verbose lock grunt-cli@~0.1 /Users/jackylee/.npm/c01faaa1-grunt-cli-0-1.lock
56 silly lockFile 8f40252b-grunt-protractor-runner-1-2-1 grunt-protractor-runner@~1.2.1
57 verbose lock grunt-protractor-runner@~1.2.1 /Users/jackylee/.npm/8f40252b-grunt-protractor-runner-1-2-1.lock
58 silly lockFile 7f935ea7-protractor-1-7-0 protractor@~1.7.0
59 verbose lock protractor@~1.7.0 /Users/jackylee/.npm/7f935ea7-protractor-1-7-0.lock
60 silly lockFile 63a5a2b4-protractor-batch-runner-0-0-x protractor-batch-runner@0.0.x
61 verbose lock protractor-batch-runner@0.0.x /Users/jackylee/.npm/63a5a2b4-protractor-batch-runner-0-0-x.lock
62 verbose cache add name="protractor-reporter" spec="~0.1.5" args=["protractor-reporter","~0.1.5"]
63 verbose parsed url { protocol: null,
63 verbose parsed url   slashes: null,
63 verbose parsed url   auth: null,
63 verbose parsed url   host: null,
63 verbose parsed url   port: null,
63 verbose parsed url   hostname: null,
63 verbose parsed url   hash: null,
63 verbose parsed url   search: null,
63 verbose parsed url   query: null,
63 verbose parsed url   pathname: '~0.1.5',
63 verbose parsed url   path: '~0.1.5',
63 verbose parsed url   href: '~0.1.5' }
64 verbose addNamed [ 'protractor-reporter', '~0.1.5' ]
65 verbose addNamed [ null, '>=0.1.5-0 <0.2.0-0' ]
66 silly lockFile 949a6789-protractor-reporter-0-1-5 protractor-reporter@~0.1.5
67 verbose lock protractor-reporter@~0.1.5 /Users/jackylee/.npm/949a6789-protractor-reporter-0-1-5.lock
68 verbose cache add name="protractor-utils" spec="~0.3.11" args=["protractor-utils","~0.3.11"]
69 verbose parsed url { protocol: null,
69 verbose parsed url   slashes: null,
69 verbose parsed url   auth: null,
69 verbose parsed url   host: null,
69 verbose parsed url   port: null,
69 verbose parsed url   hostname: null,
69 verbose parsed url   hash: null,
69 verbose parsed url   search: null,
69 verbose parsed url   query: null,
69 verbose parsed url   pathname: '~0.3.11',
69 verbose parsed url   path: '~0.3.11',
69 verbose parsed url   href: '~0.3.11' }
70 verbose addNamed [ 'protractor-utils', '~0.3.11' ]
71 verbose addNamed [ null, '>=0.3.11-0 <0.4.0-0' ]
72 silly lockFile eb5b98bb-protractor-utils-0-3-11 protractor-utils@~0.3.11
73 verbose lock protractor-utils@~0.3.11 /Users/jackylee/.npm/eb5b98bb-protractor-utils-0-3-11.lock
74 silly addNameRange { name: 'grunt', range: '>=0.4.0-0 <0.5.0-0', hasData: false }
75 silly addNameRange { name: 'grunt-cli',
75 silly addNameRange   range: '>=0.1.0-0 <0.2.0-0',
75 silly addNameRange   hasData: false }
76 silly addNameRange { name: 'protractor',
76 silly addNameRange   range: '>=1.7.0-0 <1.8.0-0',
76 silly addNameRange   hasData: false }
77 silly addNameRange { name: 'grunt-protractor-runner',
77 silly addNameRange   range: '>=1.2.1-0 <1.3.0-0',
77 silly addNameRange   hasData: false }
78 silly addNameRange { name: 'protractor-reporter',
78 silly addNameRange   range: '>=0.1.5-0 <0.2.0-0',
78 silly addNameRange   hasData: false }
79 silly addNameRange { name: 'protractor-batch-runner',
79 silly addNameRange   range: '>=0.0.0-0 <0.1.0-0',
79 silly addNameRange   hasData: false }
80 verbose request where is /protractor
81 verbose request registry https://registry.npmjs.org/
82 verbose request id 511257e417791b02
83 verbose url raw /protractor
84 verbose url resolving [ 'https://registry.npmjs.org/', './protractor' ]
85 verbose url resolved https://registry.npmjs.org/protractor
86 verbose request where is https://registry.npmjs.org/protractor
87 info trying registry request attempt 1 at 13:33:44
88 http GET https://registry.npmjs.org/protractor
89 verbose request where is /grunt-protractor-runner
90 verbose request registry https://registry.npmjs.org/
91 verbose url raw /grunt-protractor-runner
92 verbose url resolving [ 'https://registry.npmjs.org/', './grunt-protractor-runner' ]
93 verbose url resolved https://registry.npmjs.org/grunt-protractor-runner
94 verbose request where is https://registry.npmjs.org/grunt-protractor-runner
95 info trying registry request attempt 1 at 13:33:44
96 http GET https://registry.npmjs.org/grunt-protractor-runner
97 verbose request where is /protractor-reporter
98 verbose request registry https://registry.npmjs.org/
99 verbose url raw /protractor-reporter
100 verbose url resolving [ 'https://registry.npmjs.org/', './protractor-reporter' ]
101 verbose url resolved https://registry.npmjs.org/protractor-reporter
102 verbose request where is https://registry.npmjs.org/protractor-reporter
103 info trying registry request attempt 1 at 13:33:44
104 http GET https://registry.npmjs.org/protractor-reporter
105 verbose request where is /protractor-batch-runner
106 verbose request registry https://registry.npmjs.org/
107 verbose url raw /protractor-batch-runner
108 verbose url resolving [ 'https://registry.npmjs.org/', './protractor-batch-runner' ]
109 verbose url resolved https://registry.npmjs.org/protractor-batch-runner
110 verbose request where is https://registry.npmjs.org/protractor-batch-runner
111 info trying registry request attempt 1 at 13:33:44
112 http GET https://registry.npmjs.org/protractor-batch-runner
113 silly addNameRange { name: 'protractor-utils',
113 silly addNameRange   range: '>=0.3.11-0 <0.4.0-0',
113 silly addNameRange   hasData: false }
114 verbose request where is /protractor-utils
115 verbose request registry https://registry.npmjs.org/
116 verbose url raw /protractor-utils
117 verbose url resolving [ 'https://registry.npmjs.org/', './protractor-utils' ]
118 verbose url resolved https://registry.npmjs.org/protractor-utils
119 verbose request where is https://registry.npmjs.org/protractor-utils
120 info trying registry request attempt 1 at 13:33:44
121 http GET https://registry.npmjs.org/protractor-utils
122 verbose request where is /grunt-cli
123 verbose request registry https://registry.npmjs.org/
124 verbose url raw /grunt-cli
125 verbose url resolving [ 'https://registry.npmjs.org/', './grunt-cli' ]
126 verbose url resolved https://registry.npmjs.org/grunt-cli
127 verbose request where is https://registry.npmjs.org/grunt-cli
128 info trying registry request attempt 1 at 13:33:44
129 verbose etag "8061J8VUCKLSFCMAV16HIF19W"
130 http GET https://registry.npmjs.org/grunt-cli
131 verbose request where is /grunt
132 verbose request registry https://registry.npmjs.org/
133 verbose url raw /grunt
134 verbose url resolving [ 'https://registry.npmjs.org/', './grunt' ]
135 verbose url resolved https://registry.npmjs.org/grunt
136 verbose request where is https://registry.npmjs.org/grunt
137 info trying registry request attempt 1 at 13:33:44
138 verbose etag "5TR2LN2UA0ZPXGV3QM00AABK1"
139 http GET https://registry.npmjs.org/grunt
140 http 404 https://registry.npmjs.org/protractor-reporter
141 verbose headers { date: 'Tue, 24 Mar 2015 05:33:45 GMT',
141 verbose headers   server: 'CouchDB/1.5.0 (Erlang OTP/R16B03)',
141 verbose headers   'content-type': 'application/json',
141 verbose headers   'cache-control': 'max-age=0',
141 verbose headers   'content-length': '51',
141 verbose headers   'accept-ranges': 'bytes',
141 verbose headers   via: '1.1 varnish',
141 verbose headers   age: '0',
141 verbose headers   'x-served-by': 'cache-hkg6825-HKG',
141 verbose headers   'x-cache': 'MISS',
141 verbose headers   'x-cache-hits': '0',
141 verbose headers   'x-timer': 'S1427175225.023978,VS0,VE260',
141 verbose headers   'keep-alive': 'timeout=10, max=50',
141 verbose headers   connection: 'Keep-Alive' }
142 silly registry.get cb [ 404,
142 silly registry.get   { date: 'Tue, 24 Mar 2015 05:33:45 GMT',
142 silly registry.get     server: 'CouchDB/1.5.0 (Erlang OTP/R16B03)',
142 silly registry.get     'content-type': 'application/json',
142 silly registry.get     'cache-control': 'max-age=0',
142 silly registry.get     'content-length': '51',
142 silly registry.get     'accept-ranges': 'bytes',
142 silly registry.get     via: '1.1 varnish',
142 silly registry.get     age: '0',
142 silly registry.get     'x-served-by': 'cache-hkg6825-HKG',
142 silly registry.get     'x-cache': 'MISS',
142 silly registry.get     'x-cache-hits': '0',
142 silly registry.get     'x-timer': 'S1427175225.023978,VS0,VE260',
142 silly registry.get     'keep-alive': 'timeout=10, max=50',
142 silly registry.get     connection: 'Keep-Alive' } ]
143 silly lockFile 949a6789-protractor-reporter-0-1-5 protractor-reporter@~0.1.5
144 silly lockFile 949a6789-protractor-reporter-0-1-5 protractor-reporter@~0.1.5
145 http 200 https://registry.npmjs.org/grunt-cli
146 silly registry.get cb [ 200,
146 silly registry.get   { date: 'Tue, 24 Mar 2015 05:33:45 GMT',
146 silly registry.get     server: 'CouchDB/1.5.0 (Erlang OTP/R16B03)',
146 silly registry.get     etag: '"AYJJZF2FXWVC9254BWEXOD4TA"',
146 silly registry.get     'content-type': 'application/json',
146 silly registry.get     'cache-control': 'max-age=60',
146 silly registry.get     'content-length': '20543',
146 silly registry.get     'accept-ranges': 'bytes',
146 silly registry.get     via: '1.1 varnish',
146 silly registry.get     age: '18',
146 silly registry.get     'x-served-by': 'cache-hkg6825-HKG',
146 silly registry.get     'x-cache': 'HIT',
146 silly registry.get     'x-cache-hits': '13',
146 silly registry.get     'x-timer': 'S1427175225.399721,VS0,VE0',
146 silly registry.get     vary: 'Accept',
146 silly registry.get     'keep-alive': 'timeout=10, max=49',
146 silly registry.get     connection: 'Keep-Alive' } ]
147 silly addNameRange number 2 { name: 'grunt-cli', range: '>=0.1.0-0 <0.2.0-0', hasData: true }
148 silly addNameRange versions [ 'grunt-cli',
148 silly addNameRange   [ '0.1.0',
148 silly addNameRange     '0.1.1',
148 silly addNameRange     '0.1.2',
148 silly addNameRange     '0.1.3',
148 silly addNameRange     '0.1.4',
148 silly addNameRange     '0.1.5',
148 silly addNameRange     '0.1.6',
148 silly addNameRange     '0.1.7',
148 silly addNameRange     '0.1.8',
148 silly addNameRange     '0.1.9',
148 silly addNameRange     '0.1.10',
148 silly addNameRange     '0.1.11',
148 silly addNameRange     '0.1.12',
148 silly addNameRange     '0.1.13' ] ]
149 verbose addNamed [ 'grunt-cli', '0.1.13' ]
150 verbose addNamed [ '0.1.13', '0.1.13' ]
151 silly lockFile 28997503-grunt-cli-0-1-13 grunt-cli@0.1.13
152 verbose lock grunt-cli@0.1.13 /Users/jackylee/.npm/28997503-grunt-cli-0-1-13.lock
153 silly lockFile 28997503-grunt-cli-0-1-13 grunt-cli@0.1.13
154 silly lockFile 28997503-grunt-cli-0-1-13 grunt-cli@0.1.13
155 silly lockFile c01faaa1-grunt-cli-0-1 grunt-cli@~0.1
156 silly lockFile c01faaa1-grunt-cli-0-1 grunt-cli@~0.1
157 http 404 https://registry.npmjs.org/protractor-batch-runner
158 verbose headers { date: 'Tue, 24 Mar 2015 05:33:45 GMT',
158 verbose headers   server: 'CouchDB/1.5.0 (Erlang OTP/R16B03)',
158 verbose headers   'content-type': 'application/json',
158 verbose headers   'cache-control': 'max-age=0',
158 verbose headers   'content-length': '51',
158 verbose headers   'accept-ranges': 'bytes',
158 verbose headers   via: '1.1 varnish',
158 verbose headers   age: '0',
158 verbose headers   'x-served-by': 'cache-hkg6820-HKG',
158 verbose headers   'x-cache': 'MISS',
158 verbose headers   'x-cache-hits': '0',
158 verbose headers   'x-timer': 'S1427175225.020126,VS0,VE626',
158 verbose headers   'keep-alive': 'timeout=10, max=50',
158 verbose headers   connection: 'Keep-Alive' }
159 silly registry.get cb [ 404,
159 silly registry.get   { date: 'Tue, 24 Mar 2015 05:33:45 GMT',
159 silly registry.get     server: 'CouchDB/1.5.0 (Erlang OTP/R16B03)',
159 silly registry.get     'content-type': 'application/json',
159 silly registry.get     'cache-control': 'max-age=0',
159 silly registry.get     'content-length': '51',
159 silly registry.get     'accept-ranges': 'bytes',
159 silly registry.get     via: '1.1 varnish',
159 silly registry.get     age: '0',
159 silly registry.get     'x-served-by': 'cache-hkg6820-HKG',
159 silly registry.get     'x-cache': 'MISS',
159 silly registry.get     'x-cache-hits': '0',
159 silly registry.get     'x-timer': 'S1427175225.020126,VS0,VE626',
159 silly registry.get     'keep-alive': 'timeout=10, max=50',
159 silly registry.get     connection: 'Keep-Alive' } ]
160 silly lockFile 63a5a2b4-protractor-batch-runner-0-0-x protractor-batch-runner@0.0.x
161 silly lockFile 63a5a2b4-protractor-batch-runner-0-0-x protractor-batch-runner@0.0.x
162 http 200 https://registry.npmjs.org/grunt-protractor-runner
163 silly registry.get cb [ 200,
163 silly registry.get   { date: 'Tue, 24 Mar 2015 05:33:45 GMT',
163 silly registry.get     server: 'CouchDB/1.5.0 (Erlang OTP/R16B03)',
163 silly registry.get     etag: '"STFDEJCYSL154XGCDHT1ACOJ"',
163 silly registry.get     'content-type': 'application/json',
163 silly registry.get     'cache-control': 'max-age=60',
163 silly registry.get     'content-length': '47187',
163 silly registry.get     'accept-ranges': 'bytes',
163 silly registry.get     via: '1.1 varnish',
163 silly registry.get     age: '0',
163 silly registry.get     'x-served-by': 'cache-hkg6823-HKG',
163 silly registry.get     'x-cache': 'HIT',
163 silly registry.get     'x-cache-hits': '1',
163 silly registry.get     'x-timer': 'S1427175225.020942,VS0,VE604',
163 silly registry.get     vary: 'Accept',
163 silly registry.get     'keep-alive': 'timeout=10, max=50',
163 silly registry.get     connection: 'Keep-Alive' } ]
164 silly addNameRange number 2 { name: 'grunt-protractor-runner',
164 silly addNameRange   range: '>=1.2.1-0 <1.3.0-0',
164 silly addNameRange   hasData: true }
165 silly addNameRange versions [ 'grunt-protractor-runner',
165 silly addNameRange   [ '0.1.0',
165 silly addNameRange     '0.1.1',
165 silly addNameRange     '0.1.2',
165 silly addNameRange     '0.1.3',
165 silly addNameRange     '0.1.4',
165 silly addNameRange     '0.1.5',
165 silly addNameRange     '0.1.6',
165 silly addNameRange     '0.1.7',
165 silly addNameRange     '0.1.8',
165 silly addNameRange     '0.1.9',
165 silly addNameRange     '0.1.10',
165 silly addNameRange     '0.1.11',
165 silly addNameRange     '0.2.0',
165 silly addNameRange     '0.2.1',
165 silly addNameRange     '0.2.2',
165 silly addNameRange     '0.2.3',
165 silly addNameRange     '0.2.4',
165 silly addNameRange     '0.2.5',
165 silly addNameRange     '1.0.0',
165 silly addNameRange     '1.0.1',
165 silly addNameRange     '1.1.0',
165 silly addNameRange     '1.1.1',
165 silly addNameRange     '1.1.2',
165 silly addNameRange     '1.1.3',
165 silly addNameRange     '1.1.4',
165 silly addNameRange     '1.2.0',
165 silly addNameRange     '1.2.1' ] ]
166 verbose addNamed [ 'grunt-protractor-runner', '1.2.1' ]
167 verbose addNamed [ '1.2.1', '1.2.1' ]
168 silly lockFile 3adb1970-grunt-protractor-runner-1-2-1 grunt-protractor-runner@1.2.1
169 verbose lock grunt-protractor-runner@1.2.1 /Users/jackylee/.npm/3adb1970-grunt-protractor-runner-1-2-1.lock
170 silly lockFile efbfa95c-runt-protractor-runner-1-2-1-tgz https://registry.npmjs.org/grunt-protractor-runner/-/grunt-protractor-runner-1.2.1.tgz
171 verbose lock https://registry.npmjs.org/grunt-protractor-runner/-/grunt-protractor-runner-1.2.1.tgz /Users/jackylee/.npm/efbfa95c-runt-protractor-runner-1-2-1-tgz.lock
172 verbose addRemoteTarball [ 'https://registry.npmjs.org/grunt-protractor-runner/-/grunt-protractor-runner-1.2.1.tgz',
172 verbose addRemoteTarball   '726f33208889219a37c2032c28e680b253b7f8f7' ]
173 info retry fetch attempt 1 at 13:33:45
174 verbose fetch to= /var/folders/3q/2_ch64257wd17df_bbm3gq0r002p6n/T/npm-8623-5AOltNBz/registry.npmjs.org/grunt-protractor-runner/-/grunt-protractor-runner-1.2.1.tgz
175 http GET https://registry.npmjs.org/grunt-protractor-runner/-/grunt-protractor-runner-1.2.1.tgz
176 http 200 https://registry.npmjs.org/protractor-utils
177 silly registry.get cb [ 200,
177 silly registry.get   { date: 'Tue, 24 Mar 2015 05:33:45 GMT',
177 silly registry.get     server: 'CouchDB/1.5.0 (Erlang OTP/R16B03)',
177 silly registry.get     etag: '"3287I151MKY1JUQHE20QTRGRK"',
177 silly registry.get     'content-type': 'application/json',
177 silly registry.get     'cache-control': 'max-age=60',
177 silly registry.get     'content-length': '3529',
177 silly registry.get     'accept-ranges': 'bytes',
177 silly registry.get     via: '1.1 varnish',
177 silly registry.get     age: '0',
177 silly registry.get     'x-served-by': 'cache-hkg6823-HKG',
177 silly registry.get     'x-cache': 'MISS',
177 silly registry.get     'x-cache-hits': '0',
177 silly registry.get     'x-timer': 'S1427175225.019887,VS0,VE781',
177 silly registry.get     vary: 'Accept',
177 silly registry.get     'keep-alive': 'timeout=10, max=50',
177 silly registry.get     connection: 'Keep-Alive' } ]
178 silly addNameRange number 2 { name: 'protractor-utils',
178 silly addNameRange   range: '>=0.3.11-0 <0.4.0-0',
178 silly addNameRange   hasData: true }
179 silly addNameRange versions [ 'protractor-utils', [ '0.0.0', '0.0.1' ] ]
180 silly lockFile eb5b98bb-protractor-utils-0-3-11 protractor-utils@~0.3.11
181 silly lockFile eb5b98bb-protractor-utils-0-3-11 protractor-utils@~0.3.11
182 http 200 https://registry.npmjs.org/grunt-protractor-runner/-/grunt-protractor-runner-1.2.1.tgz
183 silly lockFile efbfa95c-runt-protractor-runner-1-2-1-tgz https://registry.npmjs.org/grunt-protractor-runner/-/grunt-protractor-runner-1.2.1.tgz
184 silly lockFile efbfa95c-runt-protractor-runner-1-2-1-tgz https://registry.npmjs.org/grunt-protractor-runner/-/grunt-protractor-runner-1.2.1.tgz
185 silly lockFile 3adb1970-grunt-protractor-runner-1-2-1 grunt-protractor-runner@1.2.1
186 silly lockFile 3adb1970-grunt-protractor-runner-1-2-1 grunt-protractor-runner@1.2.1
187 silly lockFile 8f40252b-grunt-protractor-runner-1-2-1 grunt-protractor-runner@~1.2.1
188 silly lockFile 8f40252b-grunt-protractor-runner-1-2-1 grunt-protractor-runner@~1.2.1
189 http 200 https://registry.npmjs.org/grunt
190 silly registry.get cb [ 200,
190 silly registry.get   { date: 'Tue, 24 Mar 2015 05:33:46 GMT',
190 silly registry.get     server: 'CouchDB/1.5.0 (Erlang OTP/R16B03)',
190 silly registry.get     etag: '"TX9A3C4S1HIA59DEZ9GNFMOG"',
190 silly registry.get     'content-type': 'application/json',
190 silly registry.get     'cache-control': 'max-age=60',
190 silly registry.get     'content-length': '88621',
190 silly registry.get     'accept-ranges': 'bytes',
190 silly registry.get     via: '1.1 varnish',
190 silly registry.get     age: '0',
190 silly registry.get     'x-served-by': 'cache-hkg6825-HKG',
190 silly registry.get     'x-cache': 'HIT',
190 silly registry.get     'x-cache-hits': '1',
190 silly registry.get     'x-timer': 'S1427175225.469300,VS0,VE593',
190 silly registry.get     vary: 'Accept',
190 silly registry.get     'keep-alive': 'timeout=10, max=48',
190 silly registry.get     connection: 'Keep-Alive' } ]
191 http 200 https://registry.npmjs.org/protractor
192 silly registry.get cb [ 200,
192 silly registry.get   { date: 'Tue, 24 Mar 2015 05:33:46 GMT',
192 silly registry.get     server: 'CouchDB/1.5.0 (Erlang OTP/R16B03)',
192 silly registry.get     etag: '"AU6ZCRXHATYZPPFDIPFANQW5D"',
192 silly registry.get     'content-type': 'application/json',
192 silly registry.get     'cache-control': 'max-age=60',
192 silly registry.get     'content-length': '85571',
192 silly registry.get     'accept-ranges': 'bytes',
192 silly registry.get     via: '1.1 varnish',
192 silly registry.get     age: '0',
192 silly registry.get     'x-served-by': 'cache-hkg6824-HKG',
192 silly registry.get     'x-cache': 'HIT',
192 silly registry.get     'x-cache-hits': '1',
192 silly registry.get     'x-timer': 'S1427175225.022891,VS0,VE1014',
192 silly registry.get     vary: 'Accept',
192 silly registry.get     'keep-alive': 'timeout=10, max=50',
192 silly registry.get     connection: 'Keep-Alive' } ]
193 silly addNameRange number 2 { name: 'grunt', range: '>=0.4.0-0 <0.5.0-0', hasData: true }
194 silly addNameRange versions [ 'grunt',
194 silly addNameRange   [ '0.1.0',
194 silly addNameRange     '0.1.1',
194 silly addNameRange     '0.1.2',
194 silly addNameRange     '0.2.0',
194 silly addNameRange     '0.2.1',
194 silly addNameRange     '0.2.2',
194 silly addNameRange     '0.2.3',
194 silly addNameRange     '0.2.4',
194 silly addNameRange     '0.2.5',
194 silly addNameRange     '0.2.6',
194 silly addNameRange     '0.2.7',
194 silly addNameRange     '0.2.8',
194 silly addNameRange     '0.2.9',
194 silly addNameRange     '0.2.10',
194 silly addNameRange     '0.2.11',
194 silly addNameRange     '0.2.12',
194 silly addNameRange     '0.2.13',
194 silly addNameRange     '0.2.14',
194 silly addNameRange     '0.2.15',
194 silly addNameRange     '0.3.0',
194 silly addNameRange     '0.3.1',
194 silly addNameRange     '0.3.2',
194 silly addNameRange     '0.3.3',
194 silly addNameRange     '0.3.4',
194 silly addNameRange     '0.3.5',
194 silly addNameRange     '0.3.6',
194 silly addNameRange     '0.3.7',
194 silly addNameRange     '0.3.8',
194 silly addNameRange     '0.3.9',
194 silly addNameRange     '0.3.10',
194 silly addNameRange     '0.3.11',
194 silly addNameRange     '0.3.12',
194 silly addNameRange     '0.3.13',
194 silly addNameRange     '0.3.14',
194 silly addNameRange     '0.3.15',
194 silly addNameRange     '0.3.16',
194 silly addNameRange     '0.3.17',
194 silly addNameRange     '0.4.0',
194 silly addNameRange     '0.4.1',
194 silly addNameRange     '0.4.2',
194 silly addNameRange     '0.4.3',
194 silly addNameRange     '0.4.4',
194 silly addNameRange     '0.4.5',
194 silly addNameRange     '0.3.13-a',
194 silly addNameRange     '0.4.0-a',
194 silly addNameRange     '0.4.0-rc1',
194 silly addNameRange     '0.4.0-rc2',
194 silly addNameRange     '0.4.0-rc3',
194 silly addNameRange     '0.4.0-rc4',
194 silly addNameRange     '0.4.0-rc5',
194 silly addNameRange     '0.4.0-rc6',
194 silly addNameRange     '0.4.0-rc7',
194 silly addNameRange     '0.4.0-rc8' ] ]
195 verbose addNamed [ 'grunt', '0.4.5' ]
196 verbose addNamed [ '0.4.5', '0.4.5' ]
197 silly lockFile 81abf7ad-grunt-0-4-5 grunt@0.4.5
198 verbose lock grunt@0.4.5 /Users/jackylee/.npm/81abf7ad-grunt-0-4-5.lock
199 silly addNameRange number 2 { name: 'protractor',
199 silly addNameRange   range: '>=1.7.0-0 <1.8.0-0',
199 silly addNameRange   hasData: true }
200 silly addNameRange versions [ 'protractor',
200 silly addNameRange   [ '0.1.0',
200 silly addNameRange     '0.1.1',
200 silly addNameRange     '0.1.2',
200 silly addNameRange     '0.1.3',
200 silly addNameRange     '0.2.0',
200 silly addNameRange     '0.2.1',
200 silly addNameRange     '0.3.0',
200 silly addNameRange     '0.4.0',
200 silly addNameRange     '0.4.1',
200 silly addNameRange     '0.5.0',
200 silly addNameRange     '0.6.1',
200 silly addNameRange     '0.7.0',
200 silly addNameRange     '0.8.0',
200 silly addNameRange     '0.9.0',
200 silly addNameRange     '0.10.0',
200 silly addNameRange     '0.11.0',
200 silly addNameRange     '0.12.0',
200 silly addNameRange     '0.12.1',
200 silly addNameRange     '0.13.0',
200 silly addNameRange     '0.14.0',
200 silly addNameRange     '0.15.0',
200 silly addNameRange     '0.16.0',
200 silly addNameRange     '0.16.1',
200 silly addNameRange     '0.17.0',
200 silly addNameRange     '0.18.0',
200 silly addNameRange     '0.18.1',
200 silly addNameRange     '0.19.0',
200 silly addNameRange     '0.20.0',
200 silly addNameRange     '0.20.1',
200 silly addNameRange     '0.21.0',
200 silly addNameRange     '0.22.0',
200 silly addNameRange     '0.23.0',
200 silly addNameRange     '0.23.1',
200 silly addNameRange     '0.24.0',
200 silly addNameRange     '0.24.1',
200 silly addNameRange     '0.24.2',
200 silly addNameRange     '1.0.0-rc1',
200 silly addNameRange     '1.0.0-rc2',
200 silly addNameRange     '1.0.0-rc3',
200 silly addNameRange     '1.0.0-rc4',
200 silly addNameRange     '1.0.0-rc5',
200 silly addNameRange     '1.0.0-rc6',
200 silly addNameRange     '1.0.0',
200 silly addNameRange     '1.1.0',
200 silly addNameRange     '1.1.1',
200 silly addNameRange     '1.2.0-beta1',
200 silly addNameRange     '1.2.0',
200 silly addNameRange     '1.3.0',
200 silly addNameRange     '1.3.1',
200 silly addNameRange     '1.4.0',
200 silly addNameRange     '1.5.0',
200 silly addNameRange     '1.6.0',
200 silly addNameRange     '1.6.1',
200 silly addNameRange     '1.7.0',
200 silly addNameRange     '1.8.0',
200 silly addNameRange     '2.0.0' ] ]
201 verbose addNamed [ 'protractor', '1.7.0' ]
202 verbose addNamed [ '1.7.0', '1.7.0' ]
203 silly lockFile 6d4e445c-protractor-1-7-0 protractor@1.7.0
204 verbose lock protractor@1.7.0 /Users/jackylee/.npm/6d4e445c-protractor-1-7-0.lock
205 silly lockFile e69c75cb--protractor-protractor-1-7-0-tgz https://registry.npmjs.org/protractor/-/protractor-1.7.0.tgz
206 verbose lock https://registry.npmjs.org/protractor/-/protractor-1.7.0.tgz /Users/jackylee/.npm/e69c75cb--protractor-protractor-1-7-0-tgz.lock
207 verbose addRemoteTarball [ 'https://registry.npmjs.org/protractor/-/protractor-1.7.0.tgz',
207 verbose addRemoteTarball   '1cc3f88ad088b7b4e698ca72b5152dfa66d394d8' ]
208 silly lockFile 81abf7ad-grunt-0-4-5 grunt@0.4.5
209 silly lockFile 81abf7ad-grunt-0-4-5 grunt@0.4.5
210 info retry fetch attempt 1 at 13:33:46
211 verbose fetch to= /var/folders/3q/2_ch64257wd17df_bbm3gq0r002p6n/T/npm-8623-5AOltNBz/registry.npmjs.org/protractor/-/protractor-1.7.0.tgz
212 silly lockFile cba964e3-grunt-0-4-0 grunt@~0.4.0
213 silly lockFile cba964e3-grunt-0-4-0 grunt@~0.4.0
214 http GET https://registry.npmjs.org/protractor/-/protractor-1.7.0.tgz
215 http 200 https://registry.npmjs.org/protractor/-/protractor-1.7.0.tgz
216 silly lockFile e69c75cb--protractor-protractor-1-7-0-tgz https://registry.npmjs.org/protractor/-/protractor-1.7.0.tgz
217 silly lockFile e69c75cb--protractor-protractor-1-7-0-tgz https://registry.npmjs.org/protractor/-/protractor-1.7.0.tgz
218 silly lockFile 6d4e445c-protractor-1-7-0 protractor@1.7.0
219 silly lockFile 6d4e445c-protractor-1-7-0 protractor@1.7.0
220 silly lockFile 7f935ea7-protractor-1-7-0 protractor@~1.7.0
221 silly lockFile 7f935ea7-protractor-1-7-0 protractor@~1.7.0
222 error 404 404 Not Found: protractor-reporter
222 error 404
222 error 404 'protractor-reporter' is not in the npm registry.
222 error 404 You should bug the author to publish it
222 error 404 It was specified as a dependency of 'RAW-booking'
222 error 404
222 error 404 Note that you can also install from a
222 error 404 tarball, folder, or http url, or git url.
223 error System Darwin 14.1.0
224 error command "node" "/usr/local/bin/npm" "i"
225 error cwd /Users/jackylee/Documents/Projects/RAW-booking
226 error node -v v0.10.33
227 error npm -v 1.4.28
228 error code E404
229 verbose exit [ 1, true ]
